[2017-08-08 02:03:47,952] TRACE Controller 0 epoch 1 changed partition [jsonTopic,0] state from NonExistentPartition to NewPartition with assigned replicas 0 (state.change.logger)
[2017-08-08 02:03:47,989] TRACE Controller 0 epoch 1 changed state of replica 0 for partition [jsonTopic,0] from NonExistentReplica to NewReplica (state.change.logger)
[2017-08-08 02:03:48,034] TRACE Controller 0 epoch 1 changed partition [jsonTopic,0] from NewPartition to OnlinePartition with leader 0 (state.change.logger)
[2017-08-08 02:03:48,036] TRACE Controller 0 epoch 1 sending become-leader LeaderAndIsr request (Leader:0,ISR:0,LeaderEpoch:0,ControllerEpoch:1) to broker 0 for partition [jsonTopic,0] (state.change.logger)
[2017-08-08 02:03:48,052] TRACE Controller 0 epoch 1 sending UpdateMetadata request (Leader:0,ISR:0,LeaderEpoch:0,ControllerEpoch:1) to broker 0 for partition jsonTopic-0 (state.change.logger)
[2017-08-08 02:03:48,059] TRACE Controller 0 epoch 1 changed state of replica 0 for partition [jsonTopic,0] from NewReplica to OnlineReplica (state.change.logger)
[2017-08-08 02:03:48,391] TRACE Broker 0 received LeaderAndIsr request PartitionState(controllerEpoch=1, leader=0, leaderEpoch=0, isr=[0], zkVersion=0, replicas=[0]) correlation id 2 from controller 0 epoch 1 for partition [jsonTopic,0] (state.change.logger)
[2017-08-08 02:03:48,416] TRACE Broker 0 handling LeaderAndIsr request correlationId 2 from controller 0 epoch 1 starting the become-leader transition for partition [jsonTopic,0] (state.change.logger)
[2017-08-08 02:03:48,550] TRACE Broker 0 stopped fetchers as part of become-leader request from controller 0 epoch 1 with correlation id 2 for partition [jsonTopic,0] (state.change.logger)
[2017-08-08 02:03:48,552] TRACE Broker 0 completed LeaderAndIsr request correlationId 2 from controller 0 epoch 1 for the become-leader transition for partition [jsonTopic,0] (state.change.logger)
[2017-08-08 02:03:48,563] TRACE Controller 0 epoch 1 received response {error_code=0,partitions=[{topic=jsonTopic,partition=0,error_code=0}]} for a request sent to broker ubuntu:9092 (id: 0 rack: null) (state.change.logger)
[2017-08-08 02:03:48,571] TRACE Broker 0 cached leader info (LeaderAndIsrInfo:(Leader:0,ISR:0,LeaderEpoch:0,ControllerEpoch:1),ReplicationFactor:1),AllReplicas:0) for partition jsonTopic-0 in response to UpdateMetadata request sent by controller 0 epoch 1 with correlation id 3 (state.change.logger)
[2017-08-08 02:03:48,580] TRACE Controller 0 epoch 1 received response {error_code=0} for a request sent to broker ubuntu:9092 (id: 0 rack: null) (state.change.logger)
[2017-08-08 02:04:34,735] TRACE Controller 0 epoch 1 changed partition [partitionTopic,0] state from NonExistentPartition to NewPartition with assigned replicas 0 (state.change.logger)
[2017-08-08 02:04:34,736] TRACE Controller 0 epoch 1 changed state of replica 0 for partition [partitionTopic,0] from NonExistentReplica to NewReplica (state.change.logger)
[2017-08-08 02:04:34,760] TRACE Controller 0 epoch 1 changed partition [partitionTopic,0] from NewPartition to OnlinePartition with leader 0 (state.change.logger)
[2017-08-08 02:04:34,760] TRACE Controller 0 epoch 1 sending become-leader LeaderAndIsr request (Leader:0,ISR:0,LeaderEpoch:0,ControllerEpoch:1) to broker 0 for partition [partitionTopic,0] (state.change.logger)
[2017-08-08 02:04:34,761] TRACE Controller 0 epoch 1 sending UpdateMetadata request (Leader:0,ISR:0,LeaderEpoch:0,ControllerEpoch:1) to broker 0 for partition partitionTopic-0 (state.change.logger)
[2017-08-08 02:04:34,761] TRACE Controller 0 epoch 1 changed state of replica 0 for partition [partitionTopic,0] from NewReplica to OnlineReplica (state.change.logger)
[2017-08-08 02:04:34,762] TRACE Broker 0 received LeaderAndIsr request PartitionState(controllerEpoch=1, leader=0, leaderEpoch=0, isr=[0], zkVersion=0, replicas=[0]) correlation id 4 from controller 0 epoch 1 for partition [partitionTopic,0] (state.change.logger)
[2017-08-08 02:04:34,762] TRACE Broker 0 handling LeaderAndIsr request correlationId 4 from controller 0 epoch 1 starting the become-leader transition for partition [partitionTopic,0] (state.change.logger)
[2017-08-08 02:04:34,777] TRACE Broker 0 stopped fetchers as part of become-leader request from controller 0 epoch 1 with correlation id 4 for partition [partitionTopic,0] (state.change.logger)
[2017-08-08 02:04:34,778] TRACE Broker 0 completed LeaderAndIsr request correlationId 4 from controller 0 epoch 1 for the become-leader transition for partition [partitionTopic,0] (state.change.logger)
[2017-08-08 02:04:34,779] TRACE Controller 0 epoch 1 received response {error_code=0,partitions=[{topic=partitionTopic,partition=0,error_code=0}]} for a request sent to broker ubuntu:9092 (id: 0 rack: null) (state.change.logger)
[2017-08-08 02:04:34,780] TRACE Broker 0 cached leader info (LeaderAndIsrInfo:(Leader:0,ISR:0,LeaderEpoch:0,ControllerEpoch:1),ReplicationFactor:1),AllReplicas:0) for partition partitionTopic-0 in response to UpdateMetadata request sent by controller 0 epoch 1 with correlation id 5 (state.change.logger)
[2017-08-08 02:04:34,781] TRACE Controller 0 epoch 1 received response {error_code=0} for a request sent to broker ubuntu:9092 (id: 0 rack: null) (state.change.logger)
